<?xml version="1.0" encoding="UTF-8"?>
<testng-results ignored="0" total="1" passed="1" failed="0" skipped="0">
  <reporter-output>
  </reporter-output>
  <suite started-at="2025-12-13T22:22:28 IST" name="Default suite" finished-at="2025-12-13T22:22:41 IST" duration-ms="12851">
    <groups>
    </groups>
    <test started-at="2025-12-13T22:22:28 IST" name="Default test" finished-at="2025-12-13T22:22:41 IST" duration-ms="12851">
      <class name="com.framework.tests.LoginTests">
        <test-method is-config="true" signature="beforeSuite()[pri:0, instance:com.framework.tests.LoginTests@139982de]" started-at="2025-12-13T22:22:28 IST" name="beforeSuite" finished-at="2025-12-13T22:22:28 IST" duration-ms="488" status="PASS">
          <reporter-output>
          </reporter-output>
        </test-method> <!-- beforeSuite -->
        <test-method is-config="true" signature="setup(java.lang.String)[pri:0, instance:com.framework.tests.LoginTests@139982de]" started-at="2025-12-13T22:22:28 IST" name="setup" finished-at="2025-12-13T22:22:36 IST" duration-ms="8140" status="PASS">
          <params>
            <param index="0">
              <value>
                <![CDATA[chrome]]>
              </value>
            </param>
          </params>
          <reporter-output>
          </reporter-output>
        </test-method> <!-- setup -->
        <test-method signature="validLoginTest()[pri:0, instance:com.framework.tests.LoginTests@139982de]" started-at="2025-12-13T22:22:36 IST" name="validLoginTest" finished-at="2025-12-13T22:22:41 IST" duration-ms="4629" status="PASS">
          <reporter-output>
          </reporter-output>
        </test-method> <!-- validLoginTest -->
        <test-method is-config="true" signature="afterSuite()[pri:0, instance:com.framework.tests.LoginTests@139982de]" started-at="2025-12-13T22:22:41 IST" name="afterSuite" finished-at="2025-12-13T22:22:42 IST" duration-ms="1179" status="PASS">
          <reporter-output>
          </reporter-output>
        </test-method> <!-- afterSuite -->
      </class> <!-- com.framework.tests.LoginTests -->
    </test> <!-- Default test -->
  </suite> <!-- Default suite -->
</testng-results>
